2025-10-03 18:22:34,898 INFO o.a.j.u.JMeterUtils: Setting Locale to en_EN
2025-10-03 18:22:34,954 INFO o.a.j.JMeter: Loading user properties from: /usr/local/Cellar/jmeter/5.6.3/libexec/bin/user.properties
2025-10-03 18:22:34,955 INFO o.a.j.JMeter: Loading system properties from: /usr/local/Cellar/jmeter/5.6.3/libexec/bin/system.properties
2025-10-03 18:22:34,964 INFO o.a.j.JMeter: Copyright (c) 1998-2024 The Apache Software Foundation
2025-10-03 18:22:34,964 INFO o.a.j.JMeter: Version 5.6.3
2025-10-03 18:22:34,964 INFO o.a.j.JMeter: java.version=21.0.7
2025-10-03 18:22:34,964 INFO o.a.j.JMeter: java.vm.name=OpenJDK 64-Bit Server VM
2025-10-03 18:22:34,964 INFO o.a.j.JMeter: os.name=Mac OS X
2025-10-03 18:22:34,964 INFO o.a.j.JMeter: os.arch=x86_64
2025-10-03 18:22:34,964 INFO o.a.j.JMeter: os.version=15.5
2025-10-03 18:22:34,964 INFO o.a.j.JMeter: file.encoding=UTF-8
2025-10-03 18:22:34,964 INFO o.a.j.JMeter: java.awt.headless=true
2025-10-03 18:22:34,964 INFO o.a.j.JMeter: Max memory     =1073741824
2025-10-03 18:22:34,964 INFO o.a.j.JMeter: Available Processors =12
2025-10-03 18:22:34,975 INFO o.a.j.JMeter: Default Locale=English (EN)
2025-10-03 18:22:34,976 INFO o.a.j.JMeter: JMeter  Locale=English (EN)
2025-10-03 18:22:34,976 INFO o.a.j.JMeter: JMeterHome=/usr/local/Cellar/jmeter/5.6.3/libexec
2025-10-03 18:22:34,976 INFO o.a.j.JMeter: user.dir  =/Users/mjaved/Desktop/poc-jmeter-ai/jmeter
2025-10-03 18:22:34,976 INFO o.a.j.JMeter: PWD       =/Users/mjaved/Desktop/poc-jmeter-ai/jmeter
2025-10-03 18:22:35,005 INFO o.a.j.JMeter: IP: 10.4.41.91 Name: Nisums-MacBook-Pro.local FullName: 10.4.41.91
2025-10-03 18:22:35,024 INFO o.a.j.JMeter: Setting property 'jmeter.reportgenerator.outputdir' to:'/Users/mjaved/Desktop/poc-jmeter-ai/jmeter/reports/html'
2025-10-03 18:22:35,028 INFO o.a.j.r.d.ReportGenerator: ReportGenerator will use for Parsing the separator: ','
2025-10-03 18:22:35,028 INFO o.a.j.r.d.ReportGenerator: Will only generate report from results file: reports/results.jtl
2025-10-03 18:22:35,028 INFO o.a.j.r.d.ReportGenerator: Reading report generator properties from: /usr/local/Cellar/jmeter/5.6.3/libexec/bin/reportgenerator.properties
2025-10-03 18:22:35,029 INFO o.a.j.r.d.ReportGenerator: Merging with JMeter properties
2025-10-03 18:22:35,035 INFO o.a.j.r.c.ReportGeneratorConfiguration: Property 'jmeter.reportgenerator.temp_dir' not found, using default value 'temp' instead.
2025-10-03 18:22:35,038 INFO o.a.j.r.c.ReportGeneratorConfiguration: Property 'jmeter.reportgenerator.apdex_per_transaction' not found, using default value 'null' instead.
2025-10-03 18:22:35,050 INFO o.a.j.r.c.ReportGeneratorConfiguration: apdex_per_transaction is empty, not APDEX per transaction customization
2025-10-03 18:22:35,050 INFO o.a.j.r.c.ReportGeneratorConfiguration: Property 'jmeter.reportgenerator.sample_filter' not found, using default value 'null' instead.
2025-10-03 18:22:35,050 INFO o.a.j.r.c.ReportGeneratorConfiguration: Property 'jmeter.reportgenerator.report_title' not found, using default value 'null' instead.
2025-10-03 18:22:35,051 INFO o.a.j.r.c.ReportGeneratorConfiguration: Property 'jmeter.reportgenerator.start_date' not found, using default value 'null' instead.
2025-10-03 18:22:35,051 INFO o.a.j.r.c.ReportGeneratorConfiguration: Property 'jmeter.reportgenerator.end_date' not found, using default value 'null' instead.
2025-10-03 18:22:35,051 INFO o.a.j.r.c.ReportGeneratorConfiguration: Property 'jmeter.reportgenerator.date_format' not found, using default value 'null' instead.
2025-10-03 18:22:35,051 INFO o.a.j.r.c.ReportGeneratorConfiguration: Will use date range start date: null, end date: null
2025-10-03 18:22:35,056 INFO o.a.j.r.c.ReportGeneratorConfiguration: Property 'jmeter.reportgenerator.graph.totalTPS.exclude_controllers' not found, using default value 'false' instead.
2025-10-03 18:22:35,056 INFO o.a.j.r.c.ReportGeneratorConfiguration: Property 'jmeter.reportgenerator.graph.activeThreadsOverTime.exclude_controllers' not found, using default value 'false' instead.
2025-10-03 18:22:35,056 INFO o.a.j.r.c.ReportGeneratorConfiguration: Property 'jmeter.reportgenerator.graph.timeVsThreads.exclude_controllers' not found, using default value 'false' instead.
2025-10-03 18:22:35,056 INFO o.a.j.r.c.ReportGeneratorConfiguration: Property 'jmeter.reportgenerator.graph.responseTimeDistribution.exclude_controllers' not found, using default value 'false' instead.
2025-10-03 18:22:35,056 INFO o.a.j.r.c.ReportGeneratorConfiguration: Property 'jmeter.reportgenerator.graph.transactionsPerSecond.exclude_controllers' not found, using default value 'false' instead.
2025-10-03 18:22:35,057 INFO o.a.j.r.c.ReportGeneratorConfiguration: Property 'jmeter.reportgenerator.graph.responseTimePercentiles.exclude_controllers' not found, using default value 'false' instead.
2025-10-03 18:22:35,057 INFO o.a.j.r.c.ReportGeneratorConfiguration: Property 'jmeter.reportgenerator.graph.responseTimePercentilesOverTime.exclude_controllers' not found, using default value 'false' instead.
2025-10-03 18:22:35,057 INFO o.a.j.r.c.ReportGeneratorConfiguration: Property 'jmeter.reportgenerator.graph.responseTimesOverTime.exclude_controllers' not found, using default value 'false' instead.
2025-10-03 18:22:35,057 INFO o.a.j.r.c.ReportGeneratorConfiguration: Property 'jmeter.reportgenerator.graph.connectTimeOverTime.exclude_controllers' not found, using default value 'false' instead.
2025-10-03 18:22:35,057 INFO o.a.j.r.c.ReportGeneratorConfiguration: Property 'jmeter.reportgenerator.graph.latenciesOverTime.exclude_controllers' not found, using default value 'false' instead.
2025-10-03 18:22:35,058 INFO o.a.j.r.c.ReportGeneratorConfiguration: Property 'jmeter.reportgenerator.exporter.json.filters_only_sample_series' not found, using default value 'true' instead.
2025-10-03 18:22:35,058 INFO o.a.j.r.c.ReportGeneratorConfiguration: Property 'jmeter.reportgenerator.exporter.json.series_filter' not found, using default value '' instead.
2025-10-03 18:22:35,058 INFO o.a.j.r.c.ReportGeneratorConfiguration: Property 'jmeter.reportgenerator.exporter.json.show_controllers_only' not found, using default value 'false' instead.
2025-10-03 18:22:35,059 INFO o.a.j.r.c.ReportGeneratorConfiguration: Property 'jmeter.reportgenerator.exporter.html.filters_only_sample_series' not found, using default value 'true' instead.
2025-10-03 18:22:35,059 INFO o.a.j.r.c.ReportGeneratorConfiguration: Property 'jmeter.reportgenerator.exporter.html.series_filter' not found, using default value '' instead.
2025-10-03 18:22:35,059 INFO o.a.j.r.c.ReportGeneratorConfiguration: Property 'jmeter.reportgenerator.exporter.html.show_controllers_only' not found, using default value 'false' instead.
2025-10-03 18:22:35,294 INFO o.a.j.s.SaveService: Testplan (JMX) version: 2.2. Testlog (JTL) version: 2.2
2025-10-03 18:22:35,325 INFO o.a.j.s.SaveService: Using SaveService properties version 5.0
2025-10-03 18:22:35,327 INFO o.a.j.s.SaveService: Using SaveService properties file encoding UTF-8
2025-10-03 18:22:35,356 INFO o.a.j.r.p.NormalizerSampleConsumer: Using format, 'ms', to parse timeStamp field
2025-10-03 18:22:35,470 INFO o.a.j.r.p.AbstractSampleConsumer: class org.apache.jmeter.report.processor.AggregateConsumer#stopProducing(): beginDate produced 0 samples
2025-10-03 18:22:35,470 INFO o.a.j.r.p.AbstractSampleConsumer: class org.apache.jmeter.report.processor.AggregateConsumer#stopProducing(): endDate produced 0 samples
2025-10-03 18:22:35,472 INFO o.a.j.r.p.AbstractSampleConsumer: class org.apache.jmeter.report.processor.ApdexSummaryConsumer#stopProducing(): apdexSummary produced 0 samples
2025-10-03 18:22:35,472 INFO o.a.j.r.p.AbstractSampleConsumer: class org.apache.jmeter.report.processor.RequestsSummaryConsumer#stopProducing(): requestsSummary produced 0 samples
2025-10-03 18:22:35,476 INFO o.a.j.r.p.AbstractSampleConsumer: class org.apache.jmeter.report.processor.StatisticsSummaryConsumer#stopProducing(): statisticsSummary produced 0 samples
2025-10-03 18:22:35,479 INFO o.a.j.r.p.AbstractSampleConsumer: class org.apache.jmeter.report.processor.Top5ErrorsBySamplerConsumer#stopProducing(): top5ErrorsBySampler produced 0 samples
2025-10-03 18:22:35,479 INFO o.a.j.r.p.AbstractSampleConsumer: class org.apache.jmeter.report.processor.ErrorsSummaryConsumer#stopProducing(): errorsSummary produced 0 samples
2025-10-03 18:22:35,479 INFO o.a.j.r.p.AbstractSampleConsumer: class org.apache.jmeter.report.processor.graph.impl.HitsPerSecondGraphConsumer#stopProducing(): hitsPerSecond produced 0 samples
2025-10-03 18:22:35,498 INFO o.a.j.r.p.AbstractSampleConsumer: class org.apache.jmeter.report.processor.graph.impl.LatencyVSRequestGraphConsumer#stopProducing(): latencyVsRequest produced 0 samples
2025-10-03 18:22:35,498 INFO o.a.j.r.p.AbstractSampleConsumer: class org.apache.jmeter.report.processor.graph.impl.SyntheticResponseTimeDistributionGraphConsumer#stopProducing(): syntheticResponseTimeDistribution produced 0 samples
2025-10-03 18:22:35,499 INFO o.a.j.r.p.AbstractSampleConsumer: class org.apache.jmeter.report.processor.graph.impl.BytesThroughputGraphConsumer#stopProducing(): bytesThroughputOverTime produced 0 samples
2025-10-03 18:22:35,499 INFO o.a.j.r.p.AbstractSampleConsumer: class org.apache.jmeter.report.processor.graph.impl.CodesPerSecondGraphConsumer#stopProducing(): codesPerSecond produced 0 samples
2025-10-03 18:22:35,508 INFO o.a.j.r.p.AbstractSampleConsumer: class org.apache.jmeter.report.processor.graph.impl.ResponseTimeVSRequestGraphConsumer#stopProducing(): responseTimeVsRequest produced 0 samples
2025-10-03 18:22:35,509 INFO o.a.j.r.p.AbstractSampleConsumer: class org.apache.jmeter.report.processor.FilterConsumer#stopProducing(): startIntervalControlerFilter produced 1050 samples
2025-10-03 18:22:35,509 INFO o.a.j.r.p.AbstractSampleConsumer: class org.apache.jmeter.report.processor.graph.impl.TotalTPSGraphConsumer#stopProducing(): totalTPS produced 0 samples
2025-10-03 18:22:35,509 INFO o.a.j.r.p.AbstractSampleConsumer: class org.apache.jmeter.report.processor.graph.impl.ActiveThreadsGraphConsumer#stopProducing(): activeThreadsOverTime produced 0 samples
2025-10-03 18:22:35,509 INFO o.a.j.r.p.AbstractSampleConsumer: class org.apache.jmeter.report.processor.graph.impl.TimeVSThreadGraphConsumer#stopProducing(): timeVsThreads produced 0 samples
2025-10-03 18:22:35,509 INFO o.a.j.r.p.AbstractSampleConsumer: class org.apache.jmeter.report.processor.graph.impl.ResponseTimeDistributionGraphConsumer#stopProducing(): responseTimeDistribution produced 0 samples
2025-10-03 18:22:35,509 INFO o.a.j.r.p.AbstractSampleConsumer: class org.apache.jmeter.report.processor.graph.impl.TransactionsPerSecondGraphConsumer#stopProducing(): transactionsPerSecond produced 0 samples
2025-10-03 18:22:35,510 INFO o.a.j.r.p.AbstractSampleConsumer: class org.apache.jmeter.report.processor.graph.impl.ResponseTimePercentilesGraphConsumer#stopProducing(): responseTimePercentiles produced 0 samples
2025-10-03 18:22:35,510 INFO o.a.j.r.p.AbstractSampleConsumer: class org.apache.jmeter.report.processor.graph.impl.ResponseTimePercentilesOverTimeGraphConsumer#stopProducing(): responseTimePercentilesOverTime produced 0 samples
2025-10-03 18:22:35,511 INFO o.a.j.r.p.AbstractSampleConsumer: class org.apache.jmeter.report.processor.graph.impl.ResponseTimeOverTimeGraphConsumer#stopProducing(): responseTimesOverTime produced 0 samples
2025-10-03 18:22:35,511 INFO o.a.j.r.p.AbstractSampleConsumer: class org.apache.jmeter.report.processor.graph.impl.ConnectTimeOverTimeGraphConsumer#stopProducing(): connectTimeOverTime produced 0 samples
2025-10-03 18:22:35,511 INFO o.a.j.r.p.AbstractSampleConsumer: class org.apache.jmeter.report.processor.graph.impl.LatencyOverTimeGraphConsumer#stopProducing(): latenciesOverTime produced 0 samples
2025-10-03 18:22:35,511 INFO o.a.j.r.p.AbstractSampleConsumer: class org.apache.jmeter.report.processor.FilterConsumer#stopProducing(): nameFilter produced 2250 samples
2025-10-03 18:22:35,511 INFO o.a.j.r.p.AbstractSampleConsumer: class org.apache.jmeter.report.processor.FilterConsumer#stopProducing(): dateRangeFilter produced 450 samples
2025-10-03 18:22:35,511 INFO o.a.j.r.p.AbstractSampleConsumer: class org.apache.jmeter.report.processor.NormalizerSampleConsumer#stopProducing(): normalizer produced 150 samples
2025-10-03 18:22:35,512 INFO o.a.j.r.p.CsvFileSampleSource: produce(): 150 samples produced in 128ms on channel 0
2025-10-03 18:22:35,512 INFO o.a.j.r.d.ReportGenerator: Exporting data using exporter:'json' of className:'org.apache.jmeter.report.dashboard.JsonExporter'
2025-10-03 18:22:35,597 INFO o.a.j.r.d.JsonExporter: Found data for consumer statisticsSummary in context
2025-10-03 18:22:35,598 INFO o.a.j.r.d.JsonExporter: Creating statistics for overall
2025-10-03 18:22:35,598 INFO o.a.j.r.d.JsonExporter: Creating statistics for other transactions
2025-10-03 18:22:35,598 INFO o.a.j.r.d.JsonExporter: Checking output folder
2025-10-03 18:22:35,599 INFO o.a.j.r.d.JsonExporter: Writing statistics JSON to /Users/mjaved/Desktop/poc-jmeter-ai/jmeter/reports/html/statistics.json
2025-10-03 18:22:35,682 INFO o.a.j.r.d.ReportGenerator: Exporting data using exporter:'html' of className:'org.apache.jmeter.report.dashboard.HtmlTemplateExporter'
2025-10-03 18:22:35,684 INFO o.a.j.r.d.HtmlTemplateExporter: Will generate dashboard in folder: /Users/mjaved/Desktop/poc-jmeter-ai/jmeter/reports/html
2025-10-03 18:22:35,855 INFO o.a.j.r.d.HtmlTemplateExporter: Report will be generated in: /Users/mjaved/Desktop/poc-jmeter-ai/jmeter/reports/html, creating folder structure
2025-10-03 18:22:35,858 INFO o.a.j.r.d.TemplateVisitor: Copying folder from '/usr/local/Cellar/jmeter/5.6.3/libexec/bin/report-template' to '/Users/mjaved/Desktop/poc-jmeter-ai/jmeter/reports/html', got message: /Users/mjaved/Desktop/poc-jmeter-ai/jmeter/reports/html, found non empty folder with following content [/Users/mjaved/Desktop/poc-jmeter-ai/jmeter/reports/html/statistics.json], will be ignored
