2025-10-03 22:49:52,742 INFO o.a.j.u.JMeterUtils: Setting Locale to en_EN
2025-10-03 22:49:52,772 INFO o.a.j.JMeter: Loading user properties from: /usr/local/Cellar/jmeter/5.6.3/libexec/bin/user.properties
2025-10-03 22:49:52,773 INFO o.a.j.JMeter: Loading system properties from: /usr/local/Cellar/jmeter/5.6.3/libexec/bin/system.properties
2025-10-03 22:49:52,780 INFO o.a.j.JMeter: Copyright (c) 1998-2024 The Apache Software Foundation
2025-10-03 22:49:52,781 INFO o.a.j.JMeter: Version 5.6.3
2025-10-03 22:49:52,781 INFO o.a.j.JMeter: java.version=21.0.7
2025-10-03 22:49:52,781 INFO o.a.j.JMeter: java.vm.name=OpenJDK 64-Bit Server VM
2025-10-03 22:49:52,781 INFO o.a.j.JMeter: os.name=Mac OS X
2025-10-03 22:49:52,781 INFO o.a.j.JMeter: os.arch=x86_64
2025-10-03 22:49:52,781 INFO o.a.j.JMeter: os.version=15.5
2025-10-03 22:49:52,781 INFO o.a.j.JMeter: file.encoding=UTF-8
2025-10-03 22:49:52,781 INFO o.a.j.JMeter: java.awt.headless=true
2025-10-03 22:49:52,781 INFO o.a.j.JMeter: Max memory     =1073741824
2025-10-03 22:49:52,782 INFO o.a.j.JMeter: Available Processors =12
2025-10-03 22:49:52,794 INFO o.a.j.JMeter: Default Locale=English (EN)
2025-10-03 22:49:52,794 INFO o.a.j.JMeter: JMeter  Locale=English (EN)
2025-10-03 22:49:52,794 INFO o.a.j.JMeter: JMeterHome=/usr/local/Cellar/jmeter/5.6.3/libexec
2025-10-03 22:49:52,794 INFO o.a.j.JMeter: user.dir  =/Users/mjaved/Desktop/poc-jmeter-ai/ai
2025-10-03 22:49:52,795 INFO o.a.j.JMeter: PWD       =/Users/mjaved/Desktop/poc-jmeter-ai/ai
2025-10-03 22:49:52,803 INFO o.a.j.JMeter: IP: 192.168.0.143 Name: MacBookPro.lan FullName: macbookpro.lan
2025-10-03 22:49:52,821 ERROR o.a.j.JMeter: An error occurred: 
org.apache.jmeter.report.config.ConfigurationException: The file /Users/mjaved/Desktop/poc-jmeter-ai/ai/jmeter/test-plan.jmx doesn't exist or can't be opened
	at org.apache.jmeter.JMeter.runNonGui(JMeter.java:950) ~[ApacheJMeter_core.jar:5.6.3]
	at org.apache.jmeter.JMeter.startNonGui(JMeter.java:940) ~[ApacheJMeter_core.jar:5.6.3]
	at org.apache.jmeter.JMeter.start(JMeter.java:508) [ApacheJMeter_core.jar:5.6.3]
	at java.base/jdk.internal.reflect.DirectMethodHandleAccessor.invoke(DirectMethodHandleAccessor.java:103) ~[?:?]
	at java.base/java.lang.reflect.Method.invoke(Method.java:580) ~[?:?]
	at org.apache.jmeter.NewDriver.main(NewDriver.java:259) [ApacheJMeter.jar:5.6.3]
